\BOOKMARK [0][-]{chapter.1}{Einleitung}{}% 1
\BOOKMARK [0][-]{chapter.2}{Entwurf}{}% 2
\BOOKMARK [1][-]{section.2.1}{Protokoll}{chapter.2}% 3
\BOOKMARK [2][-]{subsection.2.1.1}{Nameservice}{section.2.1}% 4
\BOOKMARK [2][-]{subsection.2.1.2}{Middleware}{section.2.1}% 5
\BOOKMARK [2][-]{subsection.2.1.3}{Middleware}{section.2.1}% 6
\BOOKMARK [1][-]{section.2.2}{Nameservice}{chapter.2}% 7
\BOOKMARK [2][-]{subsection.2.2.1}{Rebind}{section.2.2}% 8
\BOOKMARK [2][-]{subsection.2.2.2}{Resolve}{section.2.2}% 9
\BOOKMARK [1][-]{section.2.3}{Middleware}{chapter.2}% 10
\BOOKMARK [2][-]{subsection.2.3.1}{Object Broker}{section.2.3}% 11
\BOOKMARK [2][-]{subsection.2.3.2}{Dispatcher}{section.2.3}% 12
\BOOKMARK [2][-]{subsection.2.3.3}{Socket Controller}{section.2.3}% 13
\BOOKMARK [2][-]{subsection.2.3.4}{Nameservice Interface}{section.2.3}% 14
\BOOKMARK [2][-]{subsection.2.3.5}{Object Warehouse}{section.2.3}% 15
\BOOKMARK [2][-]{subsection.2.3.6}{MWareObject}{section.2.3}% 16
\BOOKMARK [1][-]{section.2.4}{IDL-Compiler}{chapter.2}% 17
\BOOKMARK [2][-]{subsection.2.4.1}{Abstrakte Klasse}{section.2.4}% 18
\BOOKMARK [2][-]{subsection.2.4.2}{Ausf\374hrbare Klasse}{section.2.4}% 19
\BOOKMARK [0][-]{chapter.3}{L\366sungsweg}{}% 20
\BOOKMARK [1][-]{section.3.1}{Nameservice}{chapter.3}% 21
\BOOKMARK [2][-]{subsection.3.1.1}{Ablauf innerhalb des Nameservice}{section.3.1}% 22
\BOOKMARK [2][-]{subsection.3.1.2}{Ablauf rebind}{section.3.1}% 23
\BOOKMARK [2][-]{subsection.3.1.3}{Ablauf resolve}{section.3.1}% 24
\BOOKMARK [1][-]{section.3.2}{Middleware}{chapter.3}% 25
\BOOKMARK [2][-]{subsection.3.2.1}{Object Broker}{section.3.2}% 26
\BOOKMARK [2][-]{subsection.3.2.2}{ObjectWarehouse}{section.3.2}% 27
\BOOKMARK [2][-]{subsection.3.2.3}{MWareObject}{section.3.2}% 28
\BOOKMARK [2][-]{subsection.3.2.4}{LocalObject}{section.3.2}% 29
\BOOKMARK [2][-]{subsection.3.2.5}{RemoteObject}{section.3.2}% 30
\BOOKMARK [1][-]{section.3.3}{IDL-Compiler}{chapter.3}% 31
\BOOKMARK [2][-]{subsection.3.3.1}{Ablauf}{section.3.3}% 32
\BOOKMARK [0][-]{chapter.4}{Fazit}{}% 33
\BOOKMARK [0][-]{chapter.4}{Selbstst\344ndigkeitserkl\344rung}{}% 34
